{"env":"development","level":"info","msg":"åº”ç”¨å¯åŠ¨","name":"go-flow","port":8080,"time":"2025-06-27 23:48:43","version":"1.0.0"}
{"database":"go_flow","host":"localhost","level":"info","msg":"æ•°æ®åº“é…ç½®","port":3306,"time":"2025-06-27 23:48:43"}
{"db":0,"host":"localhost","level":"info","msg":"Redisé…ç½®","port":6379,"time":"2025-06-27 23:48:43"}
{"fields.level":"debug","level":"info","msg":"æ—¥å¿—æœåŠ¡å·²åˆå§‹åŒ–","time":"2025-06-27 23:48:43"}
{"level":"info","msg":"åº”ç”¨åœæ­¢","time":"2025-06-27 23:49:12"}
{"env":"development","level":"info","msg":"åº”ç”¨å¯åŠ¨","name":"go-flow","port":8080,"time":"2025-06-27 23:54:18","version":"1.0.0"}
{"database":"go_flow","host":"localhost","level":"info","msg":"æ•°æ®åº“é…ç½®","port":3306,"time":"2025-06-27 23:54:18"}
{"db":0,"host":"localhost","level":"info","msg":"Redisé…ç½®","port":6379,"time":"2025-06-27 23:54:19"}
{"fields.level":"info","level":"info","msg":"æ—¥å¿—æœåŠ¡å·²åˆå§‹åŒ–","time":"2025-06-27 23:54:19"}
[36mINFO[0m[2025-06-27 23:56:48] åº”ç”¨å¯åŠ¨                                          [36menv[0m=development [36mname[0m=go-flow [36mport[0m=8080 [36mversion[0m=1.0.0
[36mINFO[0m[2025-06-27 23:56:48] æ•°æ®åº“é…ç½®                                         [36mdatabase[0m=go_flow [36mhost[0m=localhost [36mport[0m=3306
[36mINFO[0m[2025-06-27 23:56:48] Redisé…ç½®                                       [36mdb[0m=0 [36mhost[0m=localhost [36mport[0m=6379
[36mINFO[0m[2025-06-27 23:56:48] æ—¥å¿—æœåŠ¡å·²åˆå§‹åŒ–                                      [36mfields.level[0m=info
[36mINFO[0m[2025-06-27 23:57:20] åº”ç”¨å¯åŠ¨                                          [36menv[0m=development [36mname[0m=go-flow [36mport[0m=8080 [36mversion[0m=1.0.0
[36mINFO[0m[2025-06-27 23:57:20] æ•°æ®åº“é…ç½®                                         [36mdatabase[0m=go_flow [36mhost[0m=localhost [36mport[0m=3306
[36mINFO[0m[2025-06-27 23:57:20] Redisé…ç½®                                       [36mdb[0m=0 [36mhost[0m=localhost [36mport[0m=6379
[36mINFO[0m[2025-06-27 23:57:20] æ—¥å¿—æœåŠ¡å·²åˆå§‹åŒ–                                      [36mfields.level[0m=info
[36mINFO[0m[2025-06-27 23:57:23] åº”ç”¨åœæ­¢                                         
[36mINFO   [0m[2025-06-27 23:58:20] åº”ç”¨å¯åŠ¨                                          [36menv[0m=development [36mname[0m=go-flow [36mport[0m=8080 [36mversion[0m=1.0.0
[36mINFO   [0m[2025-06-27 23:58:20] æ•°æ®åº“é…ç½®                                         [36mdatabase[0m=go_flow [36mhost[0m=localhost [36mport[0m=3306
[36mINFO   [0m[2025-06-27 23:58:20] Redisé…ç½®                                       [36mdb[0m=0 [36mhost[0m=localhost [36mport[0m=6379
[36mINFO   [0m[2025-06-27 23:58:20] æ—¥å¿—æœåŠ¡å·²åˆå§‹åŒ–                                      [36mfields.level[0m=info
[36mINFO   [0m[2025-06-27 23:58:20] è¿™æ˜¯ä¿¡æ¯æ—¥å¿—ï¼ˆè“è‰²ï¼‰                                   
[33mWARNING[0m[2025-06-27 23:58:20] è¿™æ˜¯è­¦å‘Šæ—¥å¿—ï¼ˆé»„è‰²ï¼‰                                   
[31mERROR  [0m[2025-06-27 23:58:20] è¿™æ˜¯é”™è¯¯æ—¥å¿—ï¼ˆçº¢è‰²ï¼‰                                    [31mdemo[0m=true
[36mINFO   [0m[2025-06-27 23:58:26] åº”ç”¨åœæ­¢                                         
{"level":"info","msg":"åº”ç”¨åœæ­¢","time":"2025-06-27 23:59:04"}
[36mINFO   [0m[2025-06-27 23:59:06] åº”ç”¨å¯åŠ¨                                          [36menv[0m=development [36mname[0m=go-flow [36mport[0m=8080 [36mversion[0m=1.0.0
[36mINFO   [0m[2025-06-27 23:59:06] æ•°æ®åº“é…ç½®                                         [36mdatabase[0m=go_flow [36mhost[0m=localhost [36mport[0m=3306
[36mINFO   [0m[2025-06-27 23:59:06] Redisé…ç½®                                       [36mdb[0m=0 [36mhost[0m=localhost [36mport[0m=6379
[36mINFO   [0m[2025-06-27 23:59:06] æ—¥å¿—æœåŠ¡å·²åˆå§‹åŒ–                                      [36mfields.level[0m=info
[36mINFO   [0m[2025-06-27 23:59:13] åº”ç”¨åœæ­¢                                         
[36mINFO[0m[2025-06-28 00:08:17] åº”ç”¨åœæ­¢                                         
[36mINFO   [0m[2025-06-28 00:13:17] åº”ç”¨å¯åŠ¨                                          [36menv[0m=development [36mname[0m=go-flow [36mport[0m=8080 [36mversion[0m=1.0.0
[36mINFO   [0m[2025-06-28 00:13:17] æ•°æ®åº“é…ç½®                                         [36mdatabase[0m=go_flow [36mhost[0m=localhost [36mport[0m=3306
[36mINFO   [0m[2025-06-28 00:13:17] Redisé…ç½®                                       [36mdb[0m=0 [36mhost[0m=localhost [36mport[0m=6379
[36mINFO   [0m[2025-06-28 00:13:17] æ—¥å¿—æœåŠ¡å·²åˆå§‹åŒ–                                      [36mfields.level[0m=info
[36mINFO   [0m[2025-06-28 00:13:43] åº”ç”¨åœæ­¢                                         
[36mINFO   [0m[2025-06-28 00:21:53] æ•°æ®åº“è¿æ¥æˆåŠŸ                                       [36mdatabase[0m=go_flow [36mhost[0m=localhost [36mport[0m=3306 [36musername[0m=root
[36mINFO   [0m[2025-06-28 00:21:53] å¼€å§‹æ•°æ®åº“è‡ªåŠ¨è¿ç§»                                     [36mmodels[0m=2
[36mINFO   [0m[2025-06-28 00:21:53] æ•°æ®åº“è¿ç§»å®Œæˆ                                      
[36mINFO   [0m[2025-06-28 00:21:53] åº”ç”¨å¯åŠ¨                                          [36menv[0m=development [36mname[0m=go-flow [36mport[0m=8080 [36mversion[0m=1.0.0
[36mINFO   [0m[2025-06-28 00:21:53] æ•°æ®åº“é…ç½®                                         [36mdatabase[0m=go_flow [36mhost[0m=localhost [36mport[0m=3306
[36mINFO   [0m[2025-06-28 00:21:53] Redisé…ç½®                                       [36mdb[0m=0 [36mhost[0m=localhost [36mport[0m=6379
[36mINFO   [0m[2025-06-28 00:21:53] æ—¥å¿—æœåŠ¡å·²åˆå§‹åŒ–                                      [36mfields.level[0m=info
[36mINFO   [0m[2025-06-28 00:21:53] æ•°æ®åº“è¿æ¥æµ‹è¯•æˆåŠŸ                                    
[36mINFO   [0m[2025-06-28 00:30:33] æ•°æ®åº“è¿æ¥æˆåŠŸ                                       [36mdatabase[0m=go_flow [36mhost[0m=localhost [36mport[0m=3306 [36musername[0m=root
[36mINFO   [0m[2025-06-28 00:30:33] Redis è¿æ¥æˆåŠŸ                                    [36mdb[0m=0 [36mhost[0m=localhost [36mport[0m=6379
[36mINFO   [0m[2025-06-28 00:30:33] å¼€å§‹æ•°æ®åº“è‡ªåŠ¨è¿ç§»                                     [36mmodels[0m=2
[36mINFO   [0m[2025-06-28 00:30:35] æ•°æ®åº“è¿ç§»å®Œæˆ                                      
[36mINFO   [0m[2025-06-28 00:30:35] åº”ç”¨å¯åŠ¨                                          [36menv[0m=development [36mname[0m=go-flow [36mport[0m=8080 [36mversion[0m=1.0.0
[36mINFO   [0m[2025-06-28 00:30:35] æ•°æ®åº“é…ç½®                                         [36mdatabase[0m=go_flow [36mhost[0m=localhost [36mport[0m=3306
[36mINFO   [0m[2025-06-28 00:30:35] Redisé…ç½®                                       [36mdb[0m=0 [36mhost[0m=localhost [36mport[0m=6379
[36mINFO   [0m[2025-06-28 00:30:35] æ—¥å¿—æœåŠ¡å·²åˆå§‹åŒ–                                      [36mfields.level[0m=info
[36mINFO   [0m[2025-06-28 00:30:35] æ•°æ®åº“è¿æ¥æµ‹è¯•æˆåŠŸ                                    
[36mINFO   [0m[2025-06-28 00:30:35] Redis è¿æ¥æµ‹è¯•æˆåŠŸ                                 
[36mINFO   [0m[2025-06-28 00:32:27] åº”ç”¨åœæ­¢                                         
[36mINFO   [0m[2025-06-28 00:32:27] æ•°æ®åº“è¿æ¥å·²å…³é—­                                     
[36mINFO   [0m[2025-06-28 00:32:27] Redis è¿æ¥å·²å…³é—­                                  
[36mINFO   [0m[2025-06-28 00:40:31] æ•°æ®åº“è¿æ¥æˆåŠŸ                                       [36mdatabase[0m=go_flow [36mhost[0m=localhost [36mport[0m=3306 [36musername[0m=root
[36mINFO   [0m[2025-06-28 00:40:31] Redis è¿æ¥æˆåŠŸ                                    [36mdb[0m=0 [36mhost[0m=localhost [36mport[0m=6379
[36mINFO   [0m[2025-06-28 00:40:31] å¼€å§‹æ•°æ®åº“è‡ªåŠ¨è¿ç§»                                     [36mmodels[0m=2
[36mINFO   [0m[2025-06-28 00:40:33] æ•°æ®åº“è¿ç§»å®Œæˆ                                      
[36mINFO   [0m[2025-06-28 00:40:33] åº”ç”¨å¯åŠ¨                                          [36menv[0m=development [36mname[0m=go-flow [36mport[0m=8080 [36mversion[0m=1.0.0
[36mINFO   [0m[2025-06-28 00:40:33] æ•°æ®åº“é…ç½®                                         [36mdatabase[0m=go_flow [36mhost[0m=localhost [36mport[0m=3306
[36mINFO   [0m[2025-06-28 00:40:33] Redisé…ç½®                                       [36mdb[0m=0 [36mhost[0m=localhost [36mport[0m=6379
[36mINFO   [0m[2025-06-28 00:40:33] æ—¥å¿—æœåŠ¡å·²åˆå§‹åŒ–                                      [36mfields.level[0m=info
[36mINFO   [0m[2025-06-28 00:40:33] æ•°æ®åº“è¿æ¥æµ‹è¯•æˆåŠŸ                                    
[36mINFO   [0m[2025-06-28 00:40:33] Redis è¿æ¥æµ‹è¯•æˆåŠŸ                                 
[36mINFO   [0m[2025-06-28 00:40:50] åº”ç”¨åœæ­¢                                         
[36mINFO   [0m[2025-06-28 00:40:50] æ•°æ®åº“è¿æ¥å·²å…³é—­                                     
[36mINFO   [0m[2025-06-28 00:40:50] Redis è¿æ¥å·²å…³é—­                                  
[36mINFO   [0m[2025-06-28 00:42:30] Redis è¿æ¥æˆåŠŸ                                    [36mdb[0m=0 [36mhost[0m=localhost [36mport[0m=6379
[36mINFO   [0m[2025-06-28 00:46:14] æ•°æ®åº“è¿æ¥æˆåŠŸ                                       [36mdatabase[0m=go_flow [36mhost[0m=localhost [36mport[0m=3306 [36musername[0m=root
[36mINFO   [0m[2025-06-28 00:46:14] Redis è¿æ¥æˆåŠŸ                                    [36mdb[0m=0 [36mhost[0m=localhost [36mport[0m=6379
[36mINFO   [0m[2025-06-28 00:46:14] å¼€å§‹æ•°æ®åº“è‡ªåŠ¨è¿ç§»                                     [36mmodels[0m=2
[36mINFO   [0m[2025-06-28 00:46:16] æ•°æ®åº“è¿ç§»å®Œæˆ                                      
[36mINFO   [0m[2025-06-28 00:46:16] åº”ç”¨å¯åŠ¨                                          [36menv[0m=development [36mname[0m=go-flow [36mport[0m=8080 [36mversion[0m=1.0.0
[36mINFO   [0m[2025-06-28 00:46:16] æ•°æ®åº“é…ç½®                                         [36mdatabase[0m=go_flow [36mhost[0m=localhost [36mport[0m=3306
[36mINFO   [0m[2025-06-28 00:46:16] Redisé…ç½®                                       [36mdb[0m=0 [36mhost[0m=localhost [36mport[0m=6379
[36mINFO   [0m[2025-06-28 00:46:16] æ—¥å¿—æœåŠ¡å·²åˆå§‹åŒ–                                      [36mfields.level[0m=info
[36mINFO   [0m[2025-06-28 00:46:16] æ•°æ®åº“è¿æ¥æµ‹è¯•æˆåŠŸ                                    
[36mINFO   [0m[2025-06-28 00:46:16] Redis è¿æ¥æµ‹è¯•æˆåŠŸ                                 
[36mINFO   [0m[2025-06-28 00:46:22] åº”ç”¨åœæ­¢                                         
[36mINFO   [0m[2025-06-28 00:46:22] æ•°æ®åº“è¿æ¥å·²å…³é—­                                     
[36mINFO   [0m[2025-06-28 00:46:22] Redis è¿æ¥å·²å…³é—­                                  
[36mINFO   [0m[2025-06-28 00:47:15] åº”ç”¨åœæ­¢                                         
[36mINFO   [0m[2025-06-28 00:47:15] æ•°æ®åº“è¿æ¥å·²å…³é—­                                     
[36mINFO   [0m[2025-06-28 01:01:40] æ•°æ®åº“è¿æ¥æˆåŠŸ                                       [36mdatabase[0m=go_flow [36mhost[0m=localhost [36mport[0m=3306 [36musername[0m=root
[36mINFO   [0m[2025-06-28 01:01:40] [GIN-debug] GET    /health                   --> github.com/zhoudm1743/go-flow/core/http.(*Service).healthCheck-fm (4 handlers) 
[36mINFO   [0m[2025-06-28 01:01:40] [GIN-debug] GET    /ping                     --> github.com/zhoudm1743/go-flow/core/http.(*Service).ping-fm (4 handlers) 
[36mINFO   [0m[2025-06-28 01:01:40] [GIN-debug] GET    /api/v1/status            --> github.com/zhoudm1743/go-flow/core/http.(*Service).getStatus-fm (4 handlers) 
[36mINFO   [0m[2025-06-28 01:01:40] Redis è¿æ¥æˆåŠŸ                                    [36mdb[0m=0 [36mhost[0m=localhost [36mport[0m=6379
[36mINFO   [0m[2025-06-28 01:01:40] å¼€å§‹æ•°æ®åº“è‡ªåŠ¨è¿ç§»                                     [36mmodels[0m=2
[36mINFO   [0m[2025-06-28 01:01:41] æ•°æ®åº“è¿ç§»å®Œæˆ                                      
[36mINFO   [0m[2025-06-28 01:01:41] HTTP æœåŠ¡æ­£åœ¨å¯åŠ¨ï¼Œç›‘å¬ç«¯å£: 8080                       
[36mINFO   [0m[2025-06-28 01:01:41] HTTP æœåŠ¡å·²å¯åŠ¨ï¼Œåœ°å€: http://localhost:8080         
[36mINFO   [0m[2025-06-28 01:01:41] åº”ç”¨å¯åŠ¨                                          [36menv[0m=development [36mname[0m=go-flow [36mport[0m=8080 [36mversion[0m=1.0.0
[36mINFO   [0m[2025-06-28 01:01:41] æ•°æ®åº“é…ç½®                                         [36mdatabase[0m=go_flow [36mhost[0m=localhost [36mport[0m=3306
[36mINFO   [0m[2025-06-28 01:01:41] Redisé…ç½®                                       [36mdb[0m=0 [36mhost[0m=localhost [36mport[0m=6379
[36mINFO   [0m[2025-06-28 01:01:41] æ—¥å¿—æœåŠ¡å·²åˆå§‹åŒ–                                      [36mfields.level[0m=info
[36mINFO   [0m[2025-06-28 01:01:41] æ•°æ®åº“è¿æ¥æµ‹è¯•æˆåŠŸ                                    
[36mINFO   [0m[2025-06-28 01:01:41] Redis è¿æ¥æµ‹è¯•æˆåŠŸ                                 
[36mINFO   [0m[2025-06-28 01:01:55] GET /ping 200 0s                              [36mclient_ip[0m=::1 [36mdata_length[0m=18 [36mlatency[0m=0s [36mmethod[0m=GET [36mpath[0m=/ping [36mprotocol[0m=HTTP/1.1 [36mstatus_code[0m=200 [36mtimestamp[0m=2025-06-28T01:01:55+08:00 [36muser_agent[0m=Mozilla/5.0 (Windows NT; Windows NT 10.0; zh-CN) WindowsPowerShell/5.1.19041.5965
[36mINFO   [0m[2025-06-28 01:01:55]                                              
[36mINFO   [0m[2025-06-28 01:02:54] åº”ç”¨åœæ­¢                                         
[36mINFO   [0m[2025-06-28 01:02:54] æ•°æ®åº“è¿æ¥å·²å…³é—­                                     
[36mINFO   [0m[2025-06-28 01:02:54] Redis è¿æ¥å·²å…³é—­                                  
[36mINFO   [0m[2025-06-28 01:02:54] æ­£åœ¨åœæ­¢ HTTP æœåŠ¡...                              
[36mINFO   [0m[2025-06-28 01:02:54] HTTP æœåŠ¡å·²åœæ­¢                                   
[36mINFO   [0m[2025-06-28 01:04:16] æ•°æ®åº“è¿æ¥æˆåŠŸ                                       [36mdatabase[0m=go_flow [36mhost[0m=localhost [36mport[0m=3306 [36musername[0m=root
[36mINFO   [0m[2025-06-28 01:04:16] [GIN-debug] GET    /health                   --> github.com/zhoudm1743/go-flow/core/http.(*Service).healthCheck-fm (4 handlers) 
[36mINFO   [0m[2025-06-28 01:04:16] [GIN-debug] GET    /ping                     --> github.com/zhoudm1743/go-flow/core/http.(*Service).ping-fm (4 handlers) 
[36mINFO   [0m[2025-06-28 01:04:16] [GIN-debug] GET    /api/v1/status            --> github.com/zhoudm1743/go-flow/core/http.(*Service).getStatus-fm (4 handlers) 
[36mINFO   [0m[2025-06-28 01:04:16] Redis è¿æ¥æˆåŠŸ                                    [36mdb[0m=0 [36mhost[0m=localhost [36mport[0m=6379
[36mINFO   [0m[2025-06-28 01:04:16] å¼€å§‹æ•°æ®åº“è‡ªåŠ¨è¿ç§»                                     [36mmodels[0m=2
[36mINFO   [0m[2025-06-28 01:04:17] æ•°æ®åº“è¿ç§»å®Œæˆ                                      
[36mINFO   [0m[2025-06-28 01:04:17] HTTP æœåŠ¡æ­£åœ¨å¯åŠ¨ï¼Œç›‘å¬ç«¯å£: 8080                       
[36mINFO   [0m[2025-06-28 01:04:17] HTTP æœåŠ¡å·²å¯åŠ¨ï¼Œåœ°å€: http://localhost:8080         
[36mINFO   [0m[2025-06-28 01:04:17] åº”ç”¨å¯åŠ¨                                          [36menv[0m=development [36mname[0m=go-flow [36mport[0m=8080 [36mversion[0m=1.0.0
[36mINFO   [0m[2025-06-28 01:04:17] æ•°æ®åº“é…ç½®                                         [36mdatabase[0m=go_flow [36mhost[0m=localhost [36mport[0m=3306
[36mINFO   [0m[2025-06-28 01:04:17] Redisé…ç½®                                       [36mdb[0m=0 [36mhost[0m=localhost [36mport[0m=6379
[36mINFO   [0m[2025-06-28 01:04:17] æ—¥å¿—æœåŠ¡å·²åˆå§‹åŒ–                                      [36mfields.level[0m=info
[36mINFO   [0m[2025-06-28 01:04:17] æ•°æ®åº“è¿æ¥æµ‹è¯•æˆåŠŸ                                    
[36mINFO   [0m[2025-06-28 01:04:17] Redis è¿æ¥æµ‹è¯•æˆåŠŸ                                 
[36mINFO   [0m[2025-06-28 01:04:28] GET / 404 18.3Âµs                              [36mclient_ip[0m=::1 [36mdata_length[0m=-1 [36mlatency[0m=18.3Âµs [36mmethod[0m=GET [36mpath[0m=/ [36mprotocol[0m=HTTP/1.1 [36mstatus_code[0m=404 [36mtimestamp[0m=2025-06-28T01:04:28+08:00 [36muser_agent[0m=Mozilla/5.0 (Windows NT 10.0; Win64; x64) AppleWebKit/537.36 (KHTML, like Gecko) Chrome/130.0.0.0 Safari/537.36 QuarkPC/4.1.7.408
[36mINFO   [0m[2025-06-28 01:04:28]                                              
[36mINFO   [0m[2025-06-28 01:04:38] GET /ping 200 0s                              [36mclient_ip[0m=::1 [36mdata_length[0m=18 [36mlatency[0m=0s [36mmethod[0m=GET [36mpath[0m=/ping [36mprotocol[0m=HTTP/1.1 [36mstatus_code[0m=200 [36mtimestamp[0m=2025-06-28T01:04:38+08:00 [36muser_agent[0m=Mozilla/5.0 (Windows NT 10.0; Win64; x64) AppleWebKit/537.36 (KHTML, like Gecko) Chrome/130.0.0.0 Safari/537.36 QuarkPC/4.1.7.408
[36mINFO   [0m[2025-06-28 01:04:38]                                              
[36mINFO   [0m[2025-06-28 01:06:11] åº”ç”¨åœæ­¢                                         
[36mINFO   [0m[2025-06-28 01:06:11] æ•°æ®åº“è¿æ¥å·²å…³é—­                                     
[36mINFO   [0m[2025-06-28 01:06:11] Redis è¿æ¥å·²å…³é—­                                  
[36mINFO   [0m[2025-06-28 01:06:11] æ­£åœ¨åœæ­¢ HTTP æœåŠ¡...                              
[36mINFO   [0m[2025-06-28 01:06:11] HTTP æœåŠ¡å·²åœæ­¢                                   
